2023-09-15 19:16:43,535 - main - ERROR - Object of type UploadFile is not JSON serializable
2023-09-15 19:26:05,107 - main - ERROR - 'coroutine' object has no attribute 'file'
2023-09-15 20:14:19,657 - main - ERROR - 'coroutine' object has no attribute 'decode'
2023-09-15 20:19:26,789 - main - ERROR - 'coroutine' object has no attribute 'decode'
2023-09-15 20:19:35,676 - main - ERROR - object UploadFile can't be used in 'await' expression
2023-09-15 20:19:40,443 - main - ERROR - 'coroutine' object has no attribute 'decode'
2023-09-15 20:20:19,350 - main - ERROR - 'coroutine' object has no attribute 'decode'
2023-09-15 20:20:49,633 - main - ERROR - iterator should return strings, not bytes (the file should be opened in text mode)
2023-09-15 20:21:50,419 - main - ERROR - '_csv.reader' object has no attribute '__dict__'
2023-09-15 20:22:34,213 - main - ERROR - '_csv.Dialect' object has no attribute '__dict__'
2023-09-15 20:26:59,133 - main - ERROR - iterator should return strings, not bytes (the file should be opened in text mode)
2023-09-15 20:28:06,981 - main - ERROR - I/O operation on closed file.
2023-09-15 20:29:12,156 - main - ERROR - iterator should return strings, not int (the file should be opened in text mode)
2023-09-15 20:29:43,326 - main - ERROR - iterator should return strings, not int (the file should be opened in text mode)
2023-09-15 20:29:44,475 - main - ERROR - iterator should return strings, not int (the file should be opened in text mode)
2023-09-15 20:29:44,827 - main - ERROR - iterator should return strings, not int (the file should be opened in text mode)
2023-09-15 20:29:45,200 - main - ERROR - iterator should return strings, not int (the file should be opened in text mode)
2023-09-15 20:29:45,565 - main - ERROR - iterator should return strings, not int (the file should be opened in text mode)
2023-09-15 20:29:46,010 - main - ERROR - iterator should return strings, not int (the file should be opened in text mode)
2023-09-15 20:29:46,376 - main - ERROR - iterator should return strings, not int (the file should be opened in text mode)
2023-09-15 20:29:46,586 - main - ERROR - iterator should return strings, not int (the file should be opened in text mode)
2023-09-15 20:29:47,026 - main - ERROR - iterator should return strings, not int (the file should be opened in text mode)
2023-09-15 20:29:47,231 - main - ERROR - iterator should return strings, not int (the file should be opened in text mode)
2023-09-15 20:29:49,035 - main - ERROR - iterator should return strings, not int (the file should be opened in text mode)
2023-09-15 20:31:27,958 - main - ERROR - Object of type UploadFile is not JSON serializable
2023-09-15 20:46:34,488 - main - ERROR - Expected file path name or file-like object, got <class 'bytes'> type
2023-09-15 20:46:43,133 - main - ERROR - DataFrame constructor not properly called!
2023-09-15 20:46:56,424 - main - ERROR - DataFrame constructor not properly called!
2023-09-15 20:47:07,284 - main - ERROR - DataFrame constructor not properly called!
2023-09-15 20:48:43,655 - main - ERROR - bad argument type for built-in operation
2023-09-15 20:48:49,726 - main - ERROR - object UploadFile can't be used in 'await' expression
2023-09-15 20:49:08,905 - main - ERROR - bad argument type for built-in operation
2023-09-15 20:49:14,150 - main - ERROR - object UploadFile can't be used in 'await' expression
2023-09-15 20:49:26,524 - main - ERROR - Expected file path name or file-like object, got <class 'bytes'> type
2023-09-15 23:31:30,599 - main - ERROR - (builtins.TypeError) Object of type UUID is not JSON serializable
[SQL: INSERT INTO csv_file (info) VALUES ($1::JSON) RETURNING csv_file.id, csv_file.info]
[parameters: [{}]]
2023-09-15 23:33:10,498 - main - ERROR - (builtins.TypeError) Object of type ndarray is not JSON serializable
[SQL: INSERT INTO csv_file (info) VALUES ($1::JSON) RETURNING csv_file.id, csv_file.info]
[parameters: [{}]]
2023-09-15 23:37:49,017 - main - ERROR - dump() missing 1 required positional argument: 'fp'
2023-09-15 23:37:56,627 - main - ERROR - Object of type UUID is not JSON serializable
2023-09-15 23:44:33,686 - main - ERROR - 1 validation error for list[CSVFileSchema]
  Input should be a valid list [type=list_type, input_value=<models.core.CSVFile object at 0x000001F7891BA5D0>, input_type=CSVFile]
    For further information visit https://errors.pydantic.dev/2.3/v/list_type
2023-09-15 23:49:28,623 - main - ERROR - 1 validation error for list[CSVFileSchema]
  Input should be a valid list [type=list_type, input_value=<models.core.CSVFile object at 0x000001ED2776ADD0>, input_type=CSVFile]
    For further information visit https://errors.pydantic.dev/2.3/v/list_type
2023-09-16 00:08:05,011 - main - ERROR - (sqlalchemy.dialects.postgresql.asyncpg.ProgrammingError) <class 'asyncpg.exceptions.UndefinedColumnError'>: столбец csv_file.columns не существует
[SQL: SELECT csv_file.id, csv_file.columns
FROM csv_file]
(Background on this error at: https://sqlalche.me/e/20/f405)
2023-09-16 00:08:05,776 - main - ERROR - (sqlalchemy.dialects.postgresql.asyncpg.ProgrammingError) <class 'asyncpg.exceptions.UndefinedColumnError'>: столбец csv_file.columns не существует
[SQL: SELECT csv_file.id, csv_file.columns
FROM csv_file]
(Background on this error at: https://sqlalche.me/e/20/f405)
2023-09-16 00:10:59,815 - main - ERROR - (sqlalchemy.dialects.postgresql.asyncpg.ProgrammingError) <class 'asyncpg.exceptions.DatatypeMismatchError'>: аргумент конструкции WHERE должен иметь тип boolean, а не json
[SQL: SELECT csv_file.id, csv_file.info
FROM csv_file
WHERE csv_file.info -> $1::TEXT]
[parameters: ('filename',)]
(Background on this error at: https://sqlalche.me/e/20/f405)
2023-09-16 00:11:09,530 - main - ERROR - (sqlalchemy.dialects.postgresql.asyncpg.ProgrammingError) <class 'asyncpg.exceptions.UndefinedFunctionError'>: оператор не существует: json = character varying
HINT:  Оператор с данными именем и типами аргументов не найден. Возможно, вам следует добавить явные приведения типов.
[SQL: SELECT csv_file.id, csv_file.info
FROM csv_file
WHERE (csv_file.info -> $1::TEXT) = $2::VARCHAR]
[parameters: ('filename', '1')]
(Background on this error at: https://sqlalche.me/e/20/f405)
2023-09-16 00:12:40,764 - main - ERROR - (sqlalchemy.dialects.postgresql.asyncpg.ProgrammingError) <class 'asyncpg.exceptions.UndefinedFunctionError'>: оператор не существует: jsonb = character varying
HINT:  Оператор с данными именем и типами аргументов не найден. Возможно, вам следует добавить явные приведения типов.
[SQL: SELECT csv_file.id, csv_file.info
FROM csv_file
WHERE (csv_file.info -> $1::TEXT) = $2::VARCHAR]
[parameters: ('filename', '1')]
(Background on this error at: https://sqlalche.me/e/20/f405)
2023-09-16 00:13:42,497 - main - ERROR - (sqlalchemy.dialects.postgresql.asyncpg.ProgrammingError) <class 'asyncpg.exceptions.UndefinedFunctionError'>: оператор не существует: jsonb = character varying
HINT:  Оператор с данными именем и типами аргументов не найден. Возможно, вам следует добавить явные приведения типов.
[SQL: SELECT csv_file.id, csv_file.info
FROM csv_file
WHERE (csv_file.info -> $1::TEXT) = $2::VARCHAR]
[parameters: ('filename', '1')]
(Background on this error at: https://sqlalche.me/e/20/f405)
2023-09-16 00:13:43,780 - main - ERROR - (sqlalchemy.dialects.postgresql.asyncpg.ProgrammingError) <class 'asyncpg.exceptions.UndefinedFunctionError'>: оператор не существует: jsonb = character varying
HINT:  Оператор с данными именем и типами аргументов не найден. Возможно, вам следует добавить явные приведения типов.
[SQL: SELECT csv_file.id, csv_file.info
FROM csv_file
WHERE (csv_file.info -> $1::TEXT) = $2::VARCHAR]
[parameters: ('filename', '1')]
(Background on this error at: https://sqlalche.me/e/20/f405)
2023-09-16 00:14:41,888 - main - ERROR - (sqlalchemy.dialects.postgresql.asyncpg.ProgrammingError) <class 'asyncpg.exceptions.DatatypeMismatchError'>: аргумент конструкции WHERE должен иметь тип boolean, а не jsonb
[SQL: SELECT csv_file.id, csv_file.info
FROM csv_file
WHERE csv_file.info -> $1::TEXT]
[parameters: ('filename',)]
(Background on this error at: https://sqlalche.me/e/20/f405)
2023-09-16 00:15:01,783 - main - ERROR - (sqlalchemy.dialects.postgresql.asyncpg.ProgrammingError) <class 'asyncpg.exceptions.DatatypeMismatchError'>: аргумент конструкции WHERE должен иметь тип boolean, а не jsonb
[SQL: SELECT csv_file.id, csv_file.info
FROM csv_file
WHERE csv_file.info -> $1::TEXT]
[parameters: ('filename',)]
(Background on this error at: https://sqlalche.me/e/20/f405)
2023-09-16 00:15:10,161 - main - ERROR - Select.filter_by() takes 1 positional argument but 2 were given
2023-09-16 00:15:18,862 - main - ERROR - (sqlalchemy.dialects.postgresql.asyncpg.ProgrammingError) <class 'asyncpg.exceptions.UndefinedFunctionError'>: оператор не существует: jsonb = character varying
HINT:  Оператор с данными именем и типами аргументов не найден. Возможно, вам следует добавить явные приведения типов.
[SQL: SELECT csv_file.id, csv_file.info
FROM csv_file
WHERE (csv_file.info -> $1::TEXT) = $2::VARCHAR]
[parameters: ('filename', '1')]
(Background on this error at: https://sqlalche.me/e/20/f405)
